[0m2021.06.23 13:02:36 INFO  Started: Metals version 0.10.4 in workspace 'D:\Workspace\hello-world' for client Visual Studio Code 1.57.1.[0m
[0m2021.06.23 13:02:37 INFO  time: initialize in 0.8s[0m
[0m2021.06.23 13:02:37 WARN  Build server is not auto-connectable.[0m
[0m2021.06.23 13:02:41 INFO  running 'D:\ProgramData\null\Coursier\cache\jvm\adopt@1.8.0-292\bin\java -Djline.terminal=jline.UnsupportedTerminal -Dsbt.log.noformat=true -Dfile.encoding=UTF-8 -jar C:\Users\Gleb\AppData\Local\Temp\metals3176819604762938290\sbt-launch.jar -Dbloop.export-jar-classifiers=sources bloopInstall'[0m
[0m2021.06.23 13:02:42 ERROR [info] [launcher] getting org.scala-sbt sbt 1.5.4  (this may take some time)...[0m
[0m2021.06.23 13:03:21 ERROR downloading https://repo1.maven.org/maven2/org/scala-sbt/sbt/1.5.4/sbt-1.5.4.jar ...[0m
[0m2021.06.23 13:03:21 ERROR downloading https://repo1.maven.org/maven2/org/scala-sbt/io_2.12/1.5.1/io_2.12-1.5.1.jar ...[0m
[0m2021.06.23 13:03:21 ERROR downloading https://repo1.maven.org/maven2/org/scala-sbt/logic_2.12/1.5.4/logic_2.12-1.5.4.jar ...[0m
[0m2021.06.23 13:03:21 ERROR downloading https://repo1.maven.org/maven2/org/scala-sbt/main_2.12/1.5.4/main_2.12-1.5.4.jar ...[0m
[0m2021.06.23 13:03:21 ERROR downloading https://repo1.maven.org/maven2/org/scala-sbt/actions_2.12/1.5.4/actions_2.12-1.5.4.jar ...[0m
[0m2021.06.23 13:03:21 ERROR downloading https://repo1.maven.org/maven2/org/scala-sbt/main-settings_2.12/1.5.4/main-settings_2.12-1.5.4.jar ...[0m
[0m2021.06.23 13:03:21 ERROR downloading https://repo1.maven.org/maven2/org/scala-sbt/run_2.12/1.5.4/run_2.12-1.5.4.jar ...[0m
[0m2021.06.23 13:03:21 ERROR downloading https://repo1.maven.org/maven2/com/github/ben-manes/caffeine/caffeine/2.8.5/caffeine-2.8.5.jar ...[0m
[0m2021.06.23 13:03:21 ERROR downloading https://repo1.maven.org/maven2/org/scala-sbt/collections_2.12/1.5.4/collections_2.12-1.5.4.jar ...[0m
[0m2021.06.23 13:03:21 ERROR downloading https://repo1.maven.org/maven2/org/scala-sbt/scripted-plugin_2.12/1.5.4/scripted-plugin_2.12-1.5.4.jar ...[0m
[0m2021.06.23 13:03:21 ERROR downloading https://repo1.maven.org/maven2/org/scala-sbt/command_2.12/1.5.4/command_2.12-1.5.4.jar ...[0m
[0m2021.06.23 13:03:21 ERROR downloading https://repo1.maven.org/maven2/org/scala-sbt/launcher-interface/1.3.2/launcher-interface-1.3.2.jar ...[0m
[0m2021.06.23 13:03:21 ERROR downloading https://repo1.maven.org/maven2/org/scala-sbt/util-logging_2.12/1.5.4/util-logging_2.12-1.5.4.jar ...[0m
[0m2021.06.23 13:03:21 ERROR downloading https://repo1.maven.org/maven2/org/scala-sbt/zinc-lm-integration_2.12/1.5.4/zinc-lm-integration_2.12-1.5.4.jar ...[0m
[0m2021.06.23 13:03:21 ERROR :: loading settings :: url = jar:file:/C:/Users/Gleb/AppData/Local/Temp/metals3176819604762938290/sbt-launch.jar!/org/apache/ivy/core/settings/ivysettings.xml[0m
[0m2021.06.23 13:03:21 ERROR :: loading settings :: url = jar:file:/C:/Users/Gleb/AppData/Local/Temp/metals3176819604762938290/sbt-launch.jar!/org/apache/ivy/core/settings/ivysettings.xml[0m
[0m2021.06.23 13:03:21 ERROR :: loading settings :: url = jar:file:/C:/Users/Gleb/AppData/Local/Temp/metals3176819604762938290/sbt-launch.jar!/org/apache/ivy/core/settings/ivysettings.xml[0m
[0m2021.06.23 13:03:21 ERROR :: loading settings :: url = jar:file:/C:/Users/Gleb/AppData/Local/Temp/metals3176819604762938290/sbt-launch.jar!/org/apache/ivy/core/settings/ivysettings.xml[0m
[0m2021.06.23 13:03:21 ERROR :: loading settings :: url = jar:file:/C:/Users/Gleb/AppData/Local/Temp/metals3176819604762938290/sbt-launch.jar!/org/apache/ivy/core/settings/ivysettings.xml[0m
[0m2021.06.23 13:03:21 ERROR :: loading settings :: url = jar:file:/C:/Users/Gleb/AppData/Local/Temp/metals3176819604762938290/sbt-launch.jar!/org/apache/ivy/core/settings/ivysettings.xml[0m
[0m2021.06.23 13:03:21 ERROR :: loading settings :: url = jar:file:/C:/Users/Gleb/AppData/Local/Temp/metals3176819604762938290/sbt-launch.jar!/org/apache/ivy/core/settings/ivysettings.xml[0m
[0m2021.06.23 13:03:21 ERROR :: loading settings :: url = jar:file:/C:/Users/Gleb/AppData/Local/Temp/metals3176819604762938290/sbt-launch.jar!/org/apache/ivy/core/settings/ivysettings.xml[0m
[0m2021.06.23 13:03:21 ERROR :: loading settings :: url = jar:file:/C:/Users/Gleb/AppData/Local/Temp/metals3176819604762938290/sbt-launch.jar!/org/apache/ivy/core/settings/ivysettings.xml[0m
[0m2021.06.23 13:03:21 ERROR :: loading settings :: url = jar:file:/C:/Users/Gleb/AppData/Local/Temp/metals3176819604762938290/sbt-launch.jar!/org/apache/ivy/core/settings/ivysettings.xml[0m
[0m2021.06.23 13:03:21 ERROR :: loading settings :: url = jar:file:/C:/Users/Gleb/AppData/Local/Temp/metals3176819604762938290/sbt-launch.jar!/org/apache/ivy/core/settings/ivysettings.xml[0m
[0m2021.06.23 13:03:21 ERROR :: loading settings :: url = jar:file:/C:/Users/Gleb/AppData/Local/Temp/metals3176819604762938290/sbt-launch.jar!/org/apache/ivy/core/settings/ivysettings.xml[0m
[0m2021.06.23 13:03:21 ERROR :: loading settings :: url = jar:file:/C:/Users/Gleb/AppData/Local/Temp/metals3176819604762938290/sbt-launch.jar!/org/apache/ivy/core/settings/ivysettings.xml[0m
[0m2021.06.23 13:03:21 ERROR :: loading settings :: url = jar:file:/C:/Users/Gleb/AppData/Local/Temp/metals3176819604762938290/sbt-launch.jar!/org/apache/ivy/core/settings/ivysettings.xml[0m
[0m2021.06.23 13:03:21 ERROR :: loading settings :: url = jar:file:/C:/Users/Gleb/AppData/Local/Temp/metals3176819604762938290/sbt-launch.jar!/org/apache/ivy/core/settings/ivysettings.xml[0m
[0m2021.06.23 13:03:21 ERROR :: loading settings :: url = jar:file:/C:/Users/Gleb/AppData/Local/Temp/metals3176819604762938290/sbt-launch.jar!/org/apache/ivy/core/settings/ivysettings.xml[0m
[0m2021.06.23 13:03:21 ERROR downloading https://repo1.maven.org/maven2/io/get-coursier/lm-coursier-shaded_2.12/2.0.8/lm-coursier-shaded_2.12-2.0.8.jar ...[0m
[0m2021.06.23 13:03:21 ERROR downloading https://repo1.maven.org/maven2/org/apache/logging/log4j/log4j-api/2.11.2/log4j-api-2.11.2.jar ...[0m
[0m2021.06.23 13:03:21 ERROR 	[SUCCESSFUL ] org.scala-sbt#launcher-interface;1.3.2!launcher-interface.jar (747ms)[0m
[0m2021.06.23 13:03:21 ERROR downloading https://repo1.maven.org/maven2/org/apache/logging/log4j/log4j-core/2.11.2/log4j-core-2.11.2.jar ...[0m
[0m2021.06.23 13:03:21 ERROR 	[SUCCESSFUL ] org.scala-sbt#sbt;1.5.4!sbt.jar (830ms)[0m
[0m2021.06.23 13:03:21 ERROR downloading https://repo1.maven.org/maven2/org/apache/logging/log4j/log4j-slf4j-impl/2.11.2/log4j-slf4j-impl-2.11.2.jar ...[0m
[0m2021.06.23 13:03:21 ERROR 	[SUCCESSFUL ] org.scala-sbt#scripted-plugin_2.12;1.5.4!scripted-plugin_2.12.jar (897ms)[0m
[0m2021.06.23 13:03:21 ERROR downloading https://repo1.maven.org/maven2/org/scala-sbt/librarymanagement-core_2.12/1.5.2/librarymanagement-core_2.12-1.5.2.jar ...[0m
[0m2021.06.23 13:03:22 ERROR 	[SUCCESSFUL ] org.apache.logging.log4j#log4j-api;2.11.2!log4j-api.jar (1029ms)[0m
[0m2021.06.23 13:03:22 ERROR downloading https://repo1.maven.org/maven2/org/scala-sbt/librarymanagement-ivy_2.12/1.5.2/librarymanagement-ivy_2.12-1.5.2.jar ...[0m
[0m2021.06.23 13:03:22 ERROR 	[SUCCESSFUL ] org.scala-sbt#zinc-lm-integration_2.12;1.5.4!zinc-lm-integration_2.12.jar (1067ms)[0m
[0m2021.06.23 13:03:22 ERROR downloading https://repo1.maven.org/maven2/org/scala-sbt/compiler-interface/1.5.5/compiler-interface-1.5.5.jar ...[0m
[0m2021.06.23 13:03:22 ERROR 	[SUCCESSFUL ] org.scala-sbt#logic_2.12;1.5.4!logic_2.12.jar (1077ms)[0m
[0m2021.06.23 13:03:22 ERROR 	[SUCCESSFUL ] org.scala-sbt#run_2.12;1.5.4!run_2.12.jar (1076ms)[0m
[0m2021.06.23 13:03:22 ERROR downloading https://repo1.maven.org/maven2/org/scala-sbt/zinc-compile_2.12/1.5.5/zinc-compile_2.12-1.5.5.jar ...[0m
[0m2021.06.23 13:03:22 ERROR downloading https://repo1.maven.org/maven2/org/scala-sbt/util-relation_2.12/1.5.4/util-relation_2.12-1.5.4.jar ...[0m
[0m2021.06.23 13:03:22 ERROR 	[SUCCESSFUL ] org.apache.logging.log4j#log4j-slf4j-impl;2.11.2!log4j-slf4j-impl.jar (356ms)[0m
[0m2021.06.23 13:03:22 ERROR downloading https://repo1.maven.org/maven2/org/scala-sbt/util-position_2.12/1.5.4/util-position_2.12-1.5.4.jar ...[0m
[0m2021.06.23 13:03:22 ERROR 	[SUCCESSFUL ] org.scala-sbt#io_2.12;1.5.1!io_2.12.jar (1311ms)[0m
[0m2021.06.23 13:03:22 ERROR downloading https://repo1.maven.org/maven2/com/eed3si9n/sjson-new-scalajson_2.12/0.9.1/sjson-new-scalajson_2.12-0.9.1.jar ...[0m
[0m2021.06.23 13:03:22 ERROR 	[SUCCESSFUL ] org.scala-sbt#collections_2.12;1.5.4!collections_2.12.jar (1470ms)[0m
[0m2021.06.23 13:03:22 ERROR downloading https://repo1.maven.org/maven2/com/eed3si9n/sjson-new-core_2.12/0.9.1/sjson-new-core_2.12-0.9.1.jar ...[0m
[0m2021.06.23 13:03:22 ERROR 	[SUCCESSFUL ] org.scala-sbt#util-relation_2.12;1.5.4!util-relation_2.12.jar (630ms)[0m
[0m2021.06.23 13:03:22 ERROR downloading https://repo1.maven.org/maven2/com/eed3si9n/shaded-jawn-parser_2.12/0.9.1/shaded-jawn-parser_2.12-0.9.1.jar ...[0m
[0m2021.06.23 13:03:22 ERROR 	[SUCCESSFUL ] org.scala-sbt#util-logging_2.12;1.5.4!util-logging_2.12.jar (1708ms)[0m
[0m2021.06.23 13:03:22 ERROR downloading https://repo1.maven.org/maven2/com/eed3si9n/shaded-scalajson_2.12/1.0.0-M4/shaded-scalajson_2.12-1.0.0-M4.jar ...[0m
[0m2021.06.23 13:03:22 ERROR 	[SUCCESSFUL ] org.scala-sbt#command_2.12;1.5.4!command_2.12.jar (1776ms)[0m
[0m2021.06.23 13:03:22 ERROR downloading https://repo1.maven.org/maven2/org/scala-sbt/completion_2.12/1.5.4/completion_2.12-1.5.4.jar ...[0m
[0m2021.06.23 13:03:22 ERROR 	[SUCCESSFUL ] org.scala-sbt#zinc-compile_2.12;1.5.5!zinc-compile_2.12.jar (713ms)[0m
[0m2021.06.23 13:03:22 ERROR downloading https://repo1.maven.org/maven2/org/scala-sbt/task-system_2.12/1.5.4/task-system_2.12-1.5.4.jar ...[0m
[0m2021.06.23 13:03:23 ERROR 	[SUCCESSFUL ] org.scala-sbt#compiler-interface;1.5.5!compiler-interface.jar (986ms)[0m
[0m2021.06.23 13:03:23 ERROR downloading https://repo1.maven.org/maven2/org/scala-sbt/tasks_2.12/1.5.4/tasks_2.12-1.5.4.jar ...[0m
[0m2021.06.23 13:03:23 ERROR 	[SUCCESSFUL ] org.scala-sbt#util-position_2.12;1.5.4!util-position_2.12.jar (909ms)[0m
[0m2021.06.23 13:03:23 ERROR downloading https://repo1.maven.org/maven2/org/scala-sbt/testing_2.12/1.5.4/testing_2.12-1.5.4.jar ...[0m
[0m2021.06.23 13:03:23 ERROR 	[SUCCESSFUL ] org.scala-sbt#main-settings_2.12;1.5.4!main-settings_2.12.jar (2099ms)[0m
[0m2021.06.23 13:03:23 ERROR downloading https://repo1.maven.org/maven2/org/scala-sbt/util-tracking_2.12/1.5.4/util-tracking_2.12-1.5.4.jar ...[0m
[0m2021.06.23 13:03:23 ERROR 	[SUCCESSFUL ] com.eed3si9n#sjson-new-scalajson_2.12;0.9.1!sjson-new-scalajson_2.12.jar (1065ms)[0m
[0m2021.06.23 13:03:23 ERROR downloading https://repo1.maven.org/maven2/org/jline/jline-terminal/3.19.0/jline-terminal-3.19.0.jar ...[0m
[0m2021.06.23 13:03:23 ERROR 	[SUCCESSFUL ] org.scala-sbt#librarymanagement-ivy_2.12;1.5.2!librarymanagement-ivy_2.12.jar (1766ms)[0m
[0m2021.06.23 13:03:23 ERROR downloading https://repo1.maven.org/maven2/org/scala-sbt/zinc-classpath_2.12/1.5.5/zinc-classpath_2.12-1.5.5.jar ...[0m
[0m2021.06.23 13:03:23 ERROR 	[SUCCESSFUL ] com.eed3si9n#shaded-scalajson_2.12;1.0.0-M4!shaded-scalajson_2.12.jar (1108ms)[0m
[0m2021.06.23 13:03:23 ERROR 	[SUCCESSFUL ] com.eed3si9n#shaded-jawn-parser_2.12;0.9.1!shaded-jawn-parser_2.12.jar (1110ms)[0m
[0m2021.06.23 13:03:23 ERROR downloading https://repo1.maven.org/maven2/org/scala-sbt/zinc_2.12/1.5.5/zinc_2.12-1.5.5.jar ...[0m
[0m2021.06.23 13:03:23 ERROR downloading https://repo1.maven.org/maven2/org/scala-sbt/zinc-apiinfo_2.12/1.5.5/zinc-apiinfo_2.12-1.5.5.jar ...[0m
[0m2021.06.23 13:03:23 ERROR 	[SUCCESSFUL ] org.scala-sbt#util-tracking_2.12;1.5.4!util-tracking_2.12.jar (879ms)[0m
[0m2021.06.23 13:03:23 ERROR downloading https://repo1.maven.org/maven2/org/scala-sbt/util-control_2.12/1.5.4/util-control_2.12-1.5.4.jar ...[0m
[0m2021.06.23 13:03:24 ERROR 	[SUCCESSFUL ] org.scala-sbt#tasks_2.12;1.5.4!tasks_2.12.jar (1032ms)[0m
[0m2021.06.23 13:03:24 ERROR downloading https://repo1.maven.org/maven2/org/scala-sbt/jline/jline/2.14.7-sbt-a1b0ffbb8f64bb820f4f84a0c07a0c0964507493/jline-2.14.7-sbt-a1b0ffbb8f64bb820f4f84a0c07a0c0964507493.jar ...[0m
[0m2021.06.23 13:03:24 ERROR 	[SUCCESSFUL ] org.scala-sbt#completion_2.12;1.5.4!completion_2.12.jar (1321ms)[0m
[0m2021.06.23 13:03:24 ERROR downloading https://repo1.maven.org/maven2/org/jline/jline-reader/3.19.0/jline-reader-3.19.0.jar ...[0m
[0m2021.06.23 13:03:24 ERROR 	[SUCCESSFUL ] org.scala-sbt#task-system_2.12;1.5.4!task-system_2.12.jar (1317ms)[0m
[0m2021.06.23 13:03:24 ERROR downloading https://repo1.maven.org/maven2/org/jline/jline-builtins/3.19.0/jline-builtins-3.19.0.jar ...[0m
[0m2021.06.23 13:03:24 ERROR 	[SUCCESSFUL ] org.scala-sbt#testing_2.12;1.5.4!testing_2.12.jar (1038ms)[0m
[0m2021.06.23 13:03:24 ERROR downloading https://repo1.maven.org/maven2/org/scala-sbt/util-interface/1.5.4/util-interface-1.5.4.jar ...[0m
[0m2021.06.23 13:03:24 ERROR 	[SUCCESSFUL ] org.jline#jline-terminal;3.19.0!jline-terminal.jar (766ms)[0m
[0m2021.06.23 13:03:24 ERROR downloading https://repo1.maven.org/maven2/org/scala-sbt/core-macros_2.12/1.5.4/core-macros_2.12-1.5.4.jar ...[0m
[0m2021.06.23 13:03:24 ERROR 	[SUCCESSFUL ] org.scala-sbt#zinc_2.12;1.5.5!zinc_2.12.jar (356ms)[0m
[0m2021.06.23 13:03:24 ERROR downloading https://repo1.maven.org/maven2/org/jline/jline-terminal-jna/3.19.0/jline-terminal-jna-3.19.0.jar ...[0m
[0m2021.06.23 13:03:24 ERROR 	[SUCCESSFUL ] org.scala-sbt#zinc-apiinfo_2.12;1.5.5!zinc-apiinfo_2.12.jar (359ms)[0m
[0m2021.06.23 13:03:24 ERROR downloading https://repo1.maven.org/maven2/org/jline/jline-terminal-jansi/3.19.0/jline-terminal-jansi-3.19.0.jar ...[0m
[0m2021.06.23 13:03:24 ERROR 	[SUCCESSFUL ] org.scala-sbt#util-control_2.12;1.5.4!util-control_2.12.jar (200ms)[0m
[0m2021.06.23 13:03:24 ERROR 	[SUCCESSFUL ] org.scala-sbt#zinc-classpath_2.12;1.5.5!zinc-classpath_2.12.jar (363ms)[0m
[0m2021.06.23 13:03:24 ERROR downloading https://repo1.maven.org/maven2/org/scala-lang/scala-compiler/2.12.14/scala-compiler-2.12.14.jar ...[0m
[0m2021.06.23 13:03:24 ERROR downloading https://repo1.maven.org/maven2/com/lmax/disruptor/3.4.2/disruptor-3.4.2.jar ...[0m
[0m2021.06.23 13:03:24 ERROR 	[SUCCESSFUL ] io.get-coursier#lm-coursier-shaded_2.12;2.0.8!lm-coursier-shaded_2.12.jar (3163ms)[0m
[0m2021.06.23 13:03:24 ERROR downloading https://repo1.maven.org/maven2/org/fusesource/jansi/jansi/2.1.0/jansi-2.1.0.jar ...[0m
[0m2021.06.23 13:03:24 ERROR 	[SUCCESSFUL ] org.scala-sbt#actions_2.12;1.5.4!actions_2.12.jar (3183ms)[0m
[0m2021.06.23 13:03:24 ERROR downloading https://repo1.maven.org/maven2/com/swoval/file-tree-views/2.1.6/file-tree-views-2.1.6.jar ...[0m
[0m2021.06.23 13:03:24 ERROR 	[SUCCESSFUL ] org.scala-sbt#util-interface;1.5.4!util-interface.jar (325ms)[0m
[0m2021.06.23 13:03:24 ERROR downloading https://repo1.maven.org/maven2/net/java/dev/jna/jna/5.5.0/jna-5.5.0.jar ...[0m
[0m2021.06.23 13:03:24 ERROR 	[SUCCESSFUL ] org.scala-sbt.jline#jline;2.14.7-sbt-a1b0ffbb8f64bb820f4f84a0c07a0c0964507493!jline.jar (452ms)[0m
[0m2021.06.23 13:03:24 ERROR downloading https://repo1.maven.org/maven2/net/java/dev/jna/jna-platform/5.5.0/jna-platform-5.5.0.jar ...[0m
[0m2021.06.23 13:03:24 ERROR 	[SUCCESSFUL ] org.jline#jline-terminal-jansi;3.19.0!jline-terminal-jansi.jar (364ms)[0m
[0m2021.06.23 13:03:24 ERROR downloading https://repo1.maven.org/maven2/org/jline/jline-style/3.19.0/jline-style-3.19.0.jar ...[0m
[0m2021.06.23 13:03:24 ERROR 	[SUCCESSFUL ] org.jline#jline-reader;3.19.0!jline-reader.jar (455ms)[0m
[0m2021.06.23 13:03:24 ERROR downloading https://repo1.maven.org/maven2/org/scala-sbt/util-cache_2.12/1.5.4/util-cache_2.12-1.5.4.jar ...[0m
[0m2021.06.23 13:03:24 ERROR 	[SUCCESSFUL ] org.fusesource.jansi#jansi;2.1.0!jansi.jar (374ms)[0m
[0m2021.06.23 13:03:24 ERROR downloading https://repo1.maven.org/maven2/com/eed3si9n/sjson-new-murmurhash_2.12/0.9.1/sjson-new-murmurhash_2.12-0.9.1.jar ...[0m
[0m2021.06.23 13:03:24 ERROR 	[SUCCESSFUL ] com.lmax#disruptor;3.4.2!disruptor.jar (392ms)[0m
[0m2021.06.23 13:03:24 ERROR 	[SUCCESSFUL ] org.jline#jline-terminal-jna;3.19.0!jline-terminal-jna.jar (396ms)[0m
[0m2021.06.23 13:03:24 ERROR downloading https://repo1.maven.org/maven2/org/scala-sbt/test-agent/1.5.4/test-agent-1.5.4.jar ...[0m
[0m2021.06.23 13:03:24 ERROR downloading https://repo1.maven.org/maven2/org/scala-sbt/test-interface/1.0/test-interface-1.0.jar ...[0m
[0m2021.06.23 13:03:24 ERROR 	[SUCCESSFUL ] org.scala-sbt#librarymanagement-core_2.12;1.5.2!librarymanagement-core_2.12.jar (2684ms)[0m
[0m2021.06.23 13:03:24 ERROR downloading https://repo1.maven.org/maven2/org/scala-sbt/compiler-bridge_2.12/1.5.5/compiler-bridge_2.12-1.5.5.jar ...[0m
[0m2021.06.23 13:03:24 ERROR 	[SUCCESSFUL ] org.scala-sbt#core-macros_2.12;1.5.4!core-macros_2.12.jar (470ms)[0m
[0m2021.06.23 13:03:24 ERROR downloading https://repo1.maven.org/maven2/org/scala-sbt/zinc-classfile_2.12/1.5.5/zinc-classfile_2.12-1.5.5.jar ...[0m
[0m2021.06.23 13:03:24 ERROR 	[SUCCESSFUL ] com.swoval#file-tree-views;2.1.6!file-tree-views.jar (765ms)[0m
[0m2021.06.23 13:03:24 ERROR downloading https://repo1.maven.org/maven2/com/jcraft/jsch/0.1.54/jsch-0.1.54.jar ...[0m
[0m2021.06.23 13:03:24 ERROR 	[SUCCESSFUL ] com.eed3si9n#sjson-new-murmurhash_2.12;0.9.1!sjson-new-murmurhash_2.12.jar (491ms)[0m
[0m2021.06.23 13:03:24 ERROR 	[SUCCESSFUL ] org.jline#jline-style;3.19.0!jline-style.jar (505ms)[0m
[0m2021.06.23 13:03:24 ERROR downloading https://repo1.maven.org/maven2/com/eed3si9n/gigahorse-okhttp_2.12/0.5.0/gigahorse-okhttp_2.12-0.5.0.jar ...[0m
[0m2021.06.23 13:03:24 ERROR downloading https://repo1.maven.org/maven2/com/squareup/okhttp3/okhttp-urlconnection/3.7.0/okhttp-urlconnection-3.7.0.jar ...[0m
[0m2021.06.23 13:03:25 ERROR 	[SUCCESSFUL ] org.scala-sbt#test-interface;1.0!test-interface.jar (520ms)[0m
[0m2021.06.23 13:03:25 ERROR downloading https://repo1.maven.org/maven2/com/eed3si9n/gigahorse-core_2.12/0.5.0/gigahorse-core_2.12-0.5.0.jar ...[0m
[0m2021.06.23 13:03:25 ERROR 	[SUCCESSFUL ] org.scala-sbt#test-agent;1.5.4!test-agent.jar (542ms)[0m
[0m2021.06.23 13:03:25 ERROR downloading https://repo1.maven.org/maven2/com/squareup/okhttp3/okhttp/3.14.2/okhttp-3.14.2.jar ...[0m
[0m2021.06.23 13:03:25 ERROR 	[SUCCESSFUL ] org.jline#jline-builtins;3.19.0!jline-builtins.jar (1021ms)[0m
[0m2021.06.23 13:03:25 ERROR downloading https://repo1.maven.org/maven2/com/typesafe/ssl-config-core_2.12/0.4.0/ssl-config-core_2.12-0.4.0.jar ...[0m
[0m2021.06.23 13:03:25 ERROR 	[SUCCESSFUL ] org.scala-sbt#zinc-classfile_2.12;1.5.5!zinc-classfile_2.12.jar (666ms)[0m
[0m2021.06.23 13:03:25 ERROR downloading https://repo1.maven.org/maven2/org/reactivestreams/reactive-streams/1.0.2/reactive-streams-1.0.2.jar ...[0m
[0m2021.06.23 13:03:25 ERROR 	[SUCCESSFUL ] org.scala-sbt#util-cache_2.12;1.5.4!util-cache_2.12.jar (857ms)[0m
[0m2021.06.23 13:03:25 ERROR downloading https://repo1.maven.org/maven2/org/slf4j/slf4j-api/1.7.26/slf4j-api-1.7.26.jar ...[0m
[0m2021.06.23 13:03:25 ERROR 	[SUCCESSFUL ] com.eed3si9n#sjson-new-core_2.12;0.9.1!sjson-new-core_2.12.jar (3088ms)[0m
[0m2021.06.23 13:03:25 ERROR downloading https://repo1.maven.org/maven2/org/scala-lang/modules/scala-parser-combinators_2.12/1.1.2/scala-parser-combinators_2.12-1.1.2.jar ...[0m
[0m2021.06.23 13:03:25 ERROR 	[SUCCESSFUL ] org.scala-sbt#compiler-bridge_2.12;1.5.5!compiler-bridge_2.12.jar (1052ms)[0m
[0m2021.06.23 13:03:25 ERROR downloading https://repo1.maven.org/maven2/com/typesafe/config/1.3.3/config-1.3.3.jar ...[0m
[0m2021.06.23 13:03:25 ERROR 	[SUCCESSFUL ] com.eed3si9n#gigahorse-okhttp_2.12;0.5.0!gigahorse-okhttp_2.12.jar (590ms)[0m
[0m2021.06.23 13:03:25 ERROR downloading https://repo1.maven.org/maven2/com/squareup/okio/okio/1.17.2/okio-1.17.2.jar ...[0m
[0m2021.06.23 13:03:25 ERROR 	[SUCCESSFUL ] com.squareup.okhttp3#okhttp-urlconnection;3.7.0!okhttp-urlconnection.jar (612ms)[0m
[0m2021.06.23 13:03:25 ERROR downloading https://repo1.maven.org/maven2/org/scala-sbt/zinc-core_2.12/1.5.5/zinc-core_2.12-1.5.5.jar ...[0m
[0m2021.06.23 13:03:25 ERROR 	[SUCCESSFUL ] org.reactivestreams#reactive-streams;1.0.2!reactive-streams.jar (666ms)[0m
[0m2021.06.23 13:03:25 ERROR downloading https://repo1.maven.org/maven2/org/scala-sbt/zinc-persist_2.12/1.5.5/zinc-persist_2.12-1.5.5.jar ...[0m
[0m2021.06.23 13:03:25 ERROR 	[SUCCESSFUL ] com.eed3si9n#gigahorse-core_2.12;0.5.0!gigahorse-core_2.12.jar (864ms)[0m
[0m2021.06.23 13:03:25 ERROR downloading https://repo1.maven.org/maven2/org/scala-sbt/zinc-compile-core_2.12/1.5.5/zinc-compile-core_2.12-1.5.5.jar ...[0m
[0m2021.06.23 13:03:25 ERROR 	[SUCCESSFUL ] com.jcraft#jsch;0.1.54!jsch.jar (1069ms)[0m
[0m2021.06.23 13:03:25 ERROR downloading https://repo1.maven.org/maven2/org/scala-sbt/zinc-persist-core-assembly/1.5.5/zinc-persist-core-assembly-1.5.5.jar ...[0m
[0m2021.06.23 13:03:26 ERROR 	[SUCCESSFUL ] org.slf4j#slf4j-api;1.7.26!slf4j-api.jar (683ms)[0m
[0m2021.06.23 13:03:26 ERROR downloading https://repo1.maven.org/maven2/net/openhft/zero-allocation-hashing/0.10.1/zero-allocation-hashing-0.10.1.jar ...[0m
[0m2021.06.23 13:03:26 ERROR 	[SUCCESSFUL ] com.typesafe#config;1.3.3!config.jar(bundle) (695ms)[0m
[0m2021.06.23 13:03:26 ERROR downloading https://repo1.maven.org/maven2/org/scala-sbt/sbinary_2.12/0.5.1/sbinary_2.12-0.5.1.jar ...[0m
[0m2021.06.23 13:03:26 ERROR 	[SUCCESSFUL ] com.typesafe#ssl-config-core_2.12;0.4.0!ssl-config-core_2.12.jar(bundle) (1237ms)[0m
[0m2021.06.23 13:03:26 ERROR downloading https://repo1.maven.org/maven2/org/scala-sbt/protocol_2.12/1.5.4/protocol_2.12-1.5.4.jar ...[0m
[0m2021.06.23 13:03:26 ERROR 	[SUCCESSFUL ] com.squareup.okhttp3#okhttp;3.14.2!okhttp.jar (1362ms)[0m
[0m2021.06.23 13:03:26 ERROR downloading https://repo1.maven.org/maven2/org/scala-sbt/ipcsocket/ipcsocket/1.3.1/ipcsocket-1.3.1.jar ...[0m
[0m2021.06.23 13:03:26 ERROR 	[SUCCESSFUL ] com.squareup.okio#okio;1.17.2!okio.jar (869ms)[0m
[0m2021.06.23 13:03:26 ERROR downloading https://repo1.maven.org/maven2/org/checkerframework/checker-qual/3.4.1/checker-qual-3.4.1.jar ...[0m
[0m2021.06.23 13:03:26 ERROR 	[SUCCESSFUL ] net.java.dev.jna#jna;5.5.0!jna.jar (2124ms)[0m
[0m2021.06.23 13:03:26 ERROR 	[SUCCESSFUL ] org.apache.logging.log4j#log4j-core;2.11.2!log4j-core.jar (4835ms)[0m
[0m2021.06.23 13:03:26 ERROR downloading https://repo1.maven.org/maven2/com/google/errorprone/error_prone_annotations/2.4.0/error_prone_annotations-2.4.0.jar ...[0m
[0m2021.06.23 13:03:26 ERROR downloading https://repo1.maven.org/maven2/org/scala-lang/modules/scala-collection-compat_2.12/2.4.2/scala-collection-compat_2.12-2.4.2.jar ...[0m
[0m2021.06.23 13:03:26 ERROR 	[SUCCESSFUL ] net.openhft#zero-allocation-hashing;0.10.1!zero-allocation-hashing.jar(bundle) (609ms)[0m
[0m2021.06.23 13:03:26 ERROR downloading https://repo1.maven.org/maven2/org/scala-sbt/ivy/ivy/2.3.0-sbt-fbc4f586aeeb1591710b14eb4f41b94880dcd745/ivy-2.3.0-sbt-fbc4f586aeeb1591710b14eb4f41b94880dcd745.jar ...[0m
[0m2021.06.23 13:03:26 ERROR 	[SUCCESSFUL ] org.scala-lang.modules#scala-parser-combinators_2.12;1.1.2!scala-parser-combinators_2.12.jar(bundle) (1185ms)[0m
[0m2021.06.23 13:03:26 ERROR 	[SUCCESSFUL ] org.scala-sbt#zinc-compile-core_2.12;1.5.5!zinc-compile-core_2.12.jar (799ms)[0m
[0m2021.06.23 13:03:26 ERROR 	[SUCCESSFUL ] org.scala-sbt#sbinary_2.12;0.5.1!sbinary_2.12.jar (498ms)[0m
[0m2021.06.23 13:03:26 ERROR 	[SUCCESSFUL ] org.scala-sbt#zinc-core_2.12;1.5.5!zinc-core_2.12.jar (1171ms)[0m
[0m2021.06.23 13:03:26 ERROR 	[SUCCESSFUL ] org.scala-sbt#zinc-persist_2.12;1.5.5!zinc-persist_2.12.jar (886ms)[0m
[0m2021.06.23 13:03:26 ERROR 	[SUCCESSFUL ] net.java.dev.jna#jna-platform;5.5.0!jna-platform.jar (2298ms)[0m
[0m2021.06.23 13:03:26 ERROR 	[SUCCESSFUL ] com.google.errorprone#error_prone_annotations;2.4.0!error_prone_annotations.jar (408ms)[0m
[0m2021.06.23 13:03:27 ERROR 	[SUCCESSFUL ] org.scala-sbt.ipcsocket#ipcsocket;1.3.1!ipcsocket.jar (643ms)[0m
[0m2021.06.23 13:03:27 ERROR 	[SUCCESSFUL ] org.checkerframework#checker-qual;3.4.1!checker-qual.jar (797ms)[0m
[0m2021.06.23 13:03:27 ERROR 	[SUCCESSFUL ] org.scala-lang.modules#scala-collection-compat_2.12;2.4.2!scala-collection-compat_2.12.jar (902ms)[0m
[0m2021.06.23 13:03:27 ERROR 	[SUCCESSFUL ] org.scala-sbt#main_2.12;1.5.4!main_2.12.jar (6605ms)[0m
[0m2021.06.23 13:03:27 ERROR 	[SUCCESSFUL ] com.github.ben-manes.caffeine#caffeine;2.8.5!caffeine.jar (6856ms)[0m
[0m2021.06.23 13:03:27 ERROR 	[SUCCESSFUL ] org.scala-sbt#protocol_2.12;1.5.4!protocol_2.12.jar (1681ms)[0m
[0m2021.06.23 13:03:28 ERROR 	[SUCCESSFUL ] org.scala-sbt.ivy#ivy;2.3.0-sbt-fbc4f586aeeb1591710b14eb4f41b94880dcd745!ivy.jar (1546ms)[0m
[0m2021.06.23 13:03:28 ERROR 	[SUCCESSFUL ] org.scala-lang#scala-compiler;2.12.14!scala-compiler.jar (4743ms)[0m
[0m2021.06.23 13:03:28 ERROR 	[SUCCESSFUL ] org.scala-sbt#zinc-persist-core-assembly;1.5.5!zinc-persist-core-assembly.jar (2960ms)[0m
[0m2021.06.23 13:03:28 ERROR :: retrieving :: org.scala-sbt#boot-app[0m
[0m2021.06.23 13:03:28 ERROR 	confs: [default][0m
[0m2021.06.23 13:03:28 ERROR 	83 artifacts copied, 0 already retrieved[0m
[0m2021.06.23 13:03:29 INFO  [info] welcome to sbt 1.5.4 (AdoptOpenJDK Java 1.8.0_292)[0m
[0m2021.06.23 13:03:31 INFO  [info] loading settings for project hello-world-build-build from metals.sbt ...[0m
[0m2021.06.23 13:03:31 INFO  [info] loading project definition from D:\Workspace\hello-world\project\project[0m
[0m2021.06.23 13:03:37 INFO  [info] loading settings for project hello-world-build from metals.sbt ...[0m
[0m2021.06.23 13:03:37 INFO  [info] loading project definition from D:\Workspace\hello-world\project[0m
[0m2021.06.23 13:03:47 INFO  [success] Generated .bloop\hello-world-build.json[0m
[0m2021.06.23 13:03:47 INFO  [success] Total time: 10 s, completed Jun 23, 2021 1:03:47 PM[0m
[0m2021.06.23 13:03:48 INFO  [info] loading settings for project hello-world from build.sbt ...[0m
[0m2021.06.23 13:03:48 INFO  [info] set current project to hello-world (in build file:/D:/Workspace/hello-world/)[0m
[0m2021.06.23 13:03:54 INFO  [success] Generated .bloop\hello-world-test.json[0m
[0m2021.06.23 13:03:54 INFO  [success] Generated .bloop\hello-world.json[0m
[0m2021.06.23 13:03:54 INFO  [success] Total time: 5 s, completed Jun 23, 2021 1:03:54 PM[0m
[0m2021.06.23 13:03:54 INFO  sbt bloopInstall exit: 0[0m
[0m2021.06.23 13:03:54 INFO  time: ran 'sbt bloopInstall' in 1m12s[0m
[0m2021.06.23 13:03:54 INFO  Attempting to connect to the build server...[0m
Starting the bsp launcher for bloop...
Opening a bsp server connection with 'bsp --protocol tcp --port 44987'...
Waiting for the bsp connection to come up...
Waiting for the bsp connection to come up...
Waiting for the bsp connection to come up...
Waiting for the bsp connection to come up...
Waiting for the bsp connection to come up...
Waiting for the bsp connection to come up...
Waiting for the bsp connection to come up...
Waiting for the bsp connection to come up...
Waiting for the bsp connection to come up...
Waiting for the bsp connection to come up...
Waiting for the bsp connection to come up...
Waiting for the bsp connection to come up...
No server running at 127.0.0.1:8212, let's fire one...
Resolving ch.epfl.scala:bloop-frontend_2.12:1.4.8-19-4d9f966b...
Starting bloop server at 127.0.0.1:8212...
Attempting a connection to the server...
[0m[32m[D][0m Loading 2 projects from 'd:\Workspace\hello-world\.bloop'...
[0m[32m[D][0m Loading project from 'd:\Workspace\hello-world\.bloop\hello-world-test.json'
[0m[32m[D][0m Loading project from 'd:\Workspace\hello-world\.bloop\hello-world.json'
[0m[32m[D][0m Cache miss for scala instance org.scala-lang:scala-compiler:2.13.3.
[0m[32m[D][0m   => C:\Users\Gleb\AppData\Local\Coursier\Cache\v1\https\repo1.maven.org\maven2\net\java\dev\jna\jna\5.3.1\jna-5.3.1.jar
[0m[32m[D][0m   => C:\Users\Gleb\AppData\Local\Coursier\Cache\v1\https\repo1.maven.org\maven2\org\jline\jline\3.15.0\jline-3.15.0.jar
[0m[32m[D][0m   => C:\Users\Gleb\AppData\Local\Coursier\Cache\v1\https\repo1.maven.org\maven2\org\scala-lang\scala-compiler\2.13.3\scala-compiler-2.13.3.jar
[0m[32m[D][0m   => C:\Users\Gleb\AppData\Local\Coursier\Cache\v1\https\repo1.maven.org\maven2\org\scala-lang\scala-library\2.13.3\scala-library-2.13.3.jar
[0m[32m[D][0m   => C:\Users\Gleb\AppData\Local\Coursier\Cache\v1\https\repo1.maven.org\maven2\org\scala-lang\scala-reflect\2.13.3\scala-reflect-2.13.3.jar
[0m[32m[D][0m Missing analysis file for project 'hello-world'
[0m[32m[D][0m Missing analysis file for project 'hello-world-test'
[0m[32m[D][0m Waiting for a connection at 127.0.0.1:44987...
The server is listening for incoming connections at tcp://127.0.0.1:44987...
Starting thread that pumps stdin and redirects it to the bsp server...
Starting thread that pumps server stdout and redirects it to the client stdout...
[0m2021.06.23 13:04:13 INFO  tracing is disabled for protocol BSP, to enable tracing of incoming and outgoing JSON messages create an empty file at C:\Users\Gleb\AppData\Local\scalameta\metals\cache\bsp.trace.json[0m
[0m2021.06.23 13:04:21 INFO  Attempting to connect to the build server...[0m
Starting the bsp launcher for bloop...
Opening a bsp server connection with 'bsp --protocol tcp --port 42533'...
Waiting for the bsp connection to come up...
[0m[32m[D][0m Loading workspace settings from bloop.settings.json
[0m[32m[D][0m Waiting for a connection at 127.0.0.1:42533...
The server is listening for incoming connections at tcp://127.0.0.1:42533...
Starting thread that pumps stdin and redirects it to the bsp server...
Starting thread that pumps server stdout and redirects it to the client stdout...
[0m2021.06.23 13:04:22 INFO  tracing is disabled for protocol BSP, to enable tracing of incoming and outgoing JSON messages create an empty file at C:\Users\Gleb\AppData\Local\scalameta\metals\cache\bsp.trace.json[0m
[0m2021.06.23 13:04:31 INFO  time: Connected to build server in 37s[0m
[0m2021.06.23 13:04:31 INFO  Connected to Build server: Bloop v1.4.8-19-4d9f966b[0m
[0m2021.06.23 13:04:34 INFO  time: indexed workspace in 2.61s[0m
[0m2021.06.23 13:05:07 INFO  compiling hello-world (1 scala source)[0m
[0m2021.06.23 13:05:14 INFO  time: compiled hello-world in 7.38s[0m
Jun 23, 2021 1:05:16 PM org.eclipse.lsp4j.jsonrpc.RemoteEndpoint handleCancellation
WARNING: Unmatched cancel notification for request id 5
Jun 23, 2021 1:06:12 PM org.eclipse.lsp4j.jsonrpc.services.GenericEndpoint notify
INFO: Unsupported notification method: $/setTrace
Jun 23, 2021 1:06:15 PM org.eclipse.lsp4j.jsonrpc.RemoteEndpoint handleCancellation
WARNING: Unmatched cancel notification for request id 19
[0m2021.06.23 13:06:16 INFO  time: code lens generation in 1.47s[0m
Jun 23, 2021 1:08:04 PM org.eclipse.lsp4j.jsonrpc.RemoteEndpoint handleCancellation
WARNING: Unmatched cancel notification for request id 27
[0m2021.06.23 13:08:11 INFO  Listening for transport dt_socket at address: 63495[0m
[0m2021.06.23 13:08:11 INFO  tracing is disabled for protocol dap-server, to enable tracing of incoming and outgoing JSON messages create an empty file at C:\Users\Gleb\AppData\Local\scalameta\metals\cache\dap-server.trace.json[0m
[0m2021.06.23 13:08:11 INFO  tracing is disabled for protocol dap-client, to enable tracing of incoming and outgoing JSON messages create an empty file at C:\Users\Gleb\AppData\Local\scalameta\metals\cache\dap-client.trace.json[0m
[0m2021.06.23 13:08:12 INFO  Starting debug proxy for [Main][0m
[0m2021.06.23 13:08:12 INFO  Trying to attach to remote debuggee VM 127.0.0.1:63495 .[0m
[0m2021.06.23 13:08:12 INFO  Attaching to debuggee VM succeeded.[0m
[0m2021.06.23 13:08:12 INFO  Hello, World![0m
[0m2021.06.23 13:08:12 INFO  Canceling debug proxy for [Main][0m
[0m2021.06.23 13:08:18 INFO  Deduplicating compilation of hello-world from bsp client 'Metals 0.10.4' (since 4m 4.857s)[0m
[0m2021.06.23 13:08:22 INFO  Listening for transport dt_socket at address: 59332[0m
[0m2021.06.23 13:08:23 INFO  tracing is disabled for protocol dap-server, to enable tracing of incoming and outgoing JSON messages create an empty file at C:\Users\Gleb\AppData\Local\scalameta\metals\cache\dap-server.trace.json[0m
[0m2021.06.23 13:08:23 INFO  tracing is disabled for protocol dap-client, to enable tracing of incoming and outgoing JSON messages create an empty file at C:\Users\Gleb\AppData\Local\scalameta\metals\cache\dap-client.trace.json[0m
[0m2021.06.23 13:08:24 INFO  Starting debug proxy for [Main][0m
[0m2021.06.23 13:08:24 INFO  Trying to attach to remote debuggee VM 127.0.0.1:59332 .[0m
[0m2021.06.23 13:08:24 INFO  Attaching to debuggee VM succeeded.[0m
[0m2021.06.23 13:08:32 INFO  Hello, World![0m
[0m2021.06.23 13:08:36 INFO  Canceling debug proxy for [Main][0m
Jun 23, 2021 1:09:20 PM org.eclipse.lsp4j.jsonrpc.services.GenericEndpoint notify
INFO: Unsupported notification method: $/setTrace
Jun 23, 2021 1:09:54 PM org.eclipse.lsp4j.jsonrpc.RemoteEndpoint fallbackResponseError
SEVERE: Internal error: java.lang.ClassNotFoundException: com.example.Main
java.util.concurrent.CompletionException: java.lang.ClassNotFoundException: com.example.Main
	at java.util.concurrent.CompletableFuture.encodeThrowable(CompletableFuture.java:292)
	at java.util.concurrent.CompletableFuture.completeThrowable(CompletableFuture.java:308)
	at java.util.concurrent.CompletableFuture.uniAccept(CompletableFuture.java:661)
	at java.util.concurrent.CompletableFuture$UniAccept.tryFire(CompletableFuture.java:646)
	at java.util.concurrent.CompletableFuture.postComplete(CompletableFuture.java:488)
	at java.util.concurrent.CompletableFuture.completeExceptionally(CompletableFuture.java:1990)
	at scala.concurrent.java8.FuturesConvertersImpl$CF.apply(FutureConvertersImpl.scala:29)
	at scala.concurrent.java8.FuturesConvertersImpl$CF.apply(FutureConvertersImpl.scala:26)
	at scala.concurrent.impl.CallbackRunnable.run(Promise.scala:64)
	at scala.concurrent.BatchingExecutor$Batch.processBatch$1(BatchingExecutor.scala:67)
	at scala.concurrent.BatchingExecutor$Batch.$anonfun$run$1(BatchingExecutor.scala:82)
	at scala.runtime.java8.JFunction0$mcV$sp.apply(JFunction0$mcV$sp.java:23)
	at scala.concurrent.BlockContext$.withBlockContext(BlockContext.scala:85)
	at scala.concurrent.BatchingExecutor$Batch.run(BatchingExecutor.scala:59)
	at scala.concurrent.Future$InternalCallbackExecutor$.unbatchedExecute(Future.scala:875)
	at scala.concurrent.BatchingExecutor.execute(BatchingExecutor.scala:110)
	at scala.concurrent.BatchingExecutor.execute$(BatchingExecutor.scala:107)
	at scala.concurrent.Future$InternalCallbackExecutor$.execute(Future.scala:873)
	at scala.concurrent.impl.CallbackRunnable.executeWithValue(Promise.scala:72)
	at scala.concurrent.impl.Promise$DefaultPromise.$anonfun$tryComplete$1(Promise.scala:288)
	at scala.concurrent.impl.Promise$DefaultPromise.$anonfun$tryComplete$1$adapted(Promise.scala:288)
	at scala.concurrent.impl.Promise$DefaultPromise.tryComplete(Promise.scala:288)
	at scala.concurrent.Promise.complete(Promise.scala:53)
	at scala.concurrent.Promise.complete$(Promise.scala:52)
	at scala.concurrent.impl.Promise$DefaultPromise.complete(Promise.scala:187)
	at scala.concurrent.impl.Promise.$anonfun$transformWith$1(Promise.scala:42)
	at scala.concurrent.impl.CallbackRunnable.run(Promise.scala:64)
	at java.util.concurrent.ThreadPoolExecutor.runWorker(ThreadPoolExecutor.java:1149)
	at java.util.concurrent.ThreadPoolExecutor$Worker.run(ThreadPoolExecutor.java:624)
	at java.lang.Thread.run(Thread.java:748)
Caused by: java.lang.ClassNotFoundException: com.example.Main
	at scala.meta.internal.metals.debug.BuildTargetClassesFinder.$anonfun$findClassAndBuildTarget$1(BuildTargetClassesFinder.scala:107)
	at scala.Option.fold(Option.scala:251)
	at scala.meta.internal.metals.debug.BuildTargetClassesFinder.findClassAndBuildTarget(BuildTargetClassesFinder.scala:108)
	at scala.meta.internal.metals.debug.BuildTargetClassesFinder.findMainClassAndItsBuildTarget(BuildTargetClassesFinder.scala:36)
	at scala.meta.internal.metals.debug.DebugProvider.$anonfun$resolveMainClassParams$1(DebugProvider.scala:325)
	at scala.meta.internal.metals.debug.DebugProvider$$anonfun$withRebuildRetry$1.$anonfun$applyOrElse$5(DebugProvider.scala:557)
	at scala.concurrent.Future.$anonfun$flatMap$1(Future.scala:307)
	at scala.concurrent.impl.Promise.$anonfun$transformWith$1(Promise.scala:41)
	... 4 more

Jun 23, 2021 1:10:49 PM org.eclipse.lsp4j.jsonrpc.services.GenericEndpoint notify
INFO: Unsupported notification method: $/setTrace
[0m2021.06.23 13:10:55 INFO  Listening for transport dt_socket at address: 60696[0m
[0m2021.06.23 13:10:55 INFO  tracing is disabled for protocol dap-server, to enable tracing of incoming and outgoing JSON messages create an empty file at C:\Users\Gleb\AppData\Local\scalameta\metals\cache\dap-server.trace.json[0m
[0m2021.06.23 13:10:55 INFO  tracing is disabled for protocol dap-client, to enable tracing of incoming and outgoing JSON messages create an empty file at C:\Users\Gleb\AppData\Local\scalameta\metals\cache\dap-client.trace.json[0m
[0m2021.06.23 13:10:56 INFO  Starting debug proxy for [Main][0m
[0m2021.06.23 13:10:56 INFO  Trying to attach to remote debuggee VM 127.0.0.1:60696 .[0m
[0m2021.06.23 13:10:56 INFO  Attaching to debuggee VM succeeded.[0m
[0m2021.06.23 13:10:59 INFO  Hello, World![0m
[0m2021.06.23 13:10:59 INFO  Canceling debug proxy for [Main][0m
Jun 23, 2021 1:11:01 PM org.eclipse.lsp4j.jsonrpc.RemoteEndpoint handleCancellation
WARNING: Unmatched cancel notification for request id 64
Jun 23, 2021 1:12:08 PM org.eclipse.lsp4j.jsonrpc.services.GenericEndpoint notify
INFO: Unsupported notification method: $/setTrace
